  Scanning sources for module dependencies...
  MainConsole.cpp
C:\Users\cacat\Downloads\OPESY LECTURES\CSOPESY-MP\mpopesy_final\ICommand.h(17,13): warning C4244: 'argument': conversion from 'time_t' to 'unsigned int', possible loss of data
  (compiling source file 'MainConsole.cpp')
  
C:\Users\cacat\Downloads\OPESY LECTURES\CSOPESY-MP\mpopesy_final\ICommand.h(22,13): warning C4244: 'argument': conversion from 'time_t' to 'unsigned int', possible loss of data
  (compiling source file 'MainConsole.cpp')
  
C:\Users\cacat\Downloads\OPESY LECTURES\CSOPESY-MP\mpopesy_final\ICommand.h(27,13): warning C4244: 'argument': conversion from 'time_t' to 'unsigned int', possible loss of data
  (compiling source file 'MainConsole.cpp')
  
C:\Users\cacat\Downloads\OPESY LECTURES\CSOPESY-MP\mpopesy_final\MainConsole.cpp(47,42): warning C4267: 'argument': conversion from 'size_t' to 'DWORD', possible loss of data
C:\Users\cacat\Downloads\OPESY LECTURES\CSOPESY-MP\mpopesy_final\MainConsole.cpp(72,42): warning C4267: 'argument': conversion from 'size_t' to 'DWORD', possible loss of data
  MarqueeConsole.cpp
C:\Users\cacat\Downloads\OPESY LECTURES\CSOPESY-MP\mpopesy_final\ICommand.h(17,13): warning C4244: 'argument': conversion from 'time_t' to 'unsigned int', possible loss of data
  (compiling source file 'MarqueeConsole.cpp')
  
C:\Users\cacat\Downloads\OPESY LECTURES\CSOPESY-MP\mpopesy_final\ICommand.h(22,13): warning C4244: 'argument': conversion from 'time_t' to 'unsigned int', possible loss of data
  (compiling source file 'MarqueeConsole.cpp')
  
C:\Users\cacat\Downloads\OPESY LECTURES\CSOPESY-MP\mpopesy_final\ICommand.h(27,13): warning C4244: 'argument': conversion from 'time_t' to 'unsigned int', possible loss of data
  (compiling source file 'MarqueeConsole.cpp')
  
C:\Users\cacat\Downloads\OPESY LECTURES\CSOPESY-MP\mpopesy_final\MarqueeConsole.cpp(10,42): warning C4267: 'argument': conversion from 'size_t' to 'DWORD', possible loss of data
  Generating Code...
  mpopesy_final.vcxproj -> C:\Users\cacat\Downloads\OPESY LECTURES\CSOPESY-MP\mpopesy_final\x64\Debug\mpopesy_final.exe
