d:\assignments on the go\15 - dlsu\csopesy\operating system mp\mpopesy_final\mpopesy_final\x64\debug\vc143.pdb
d:\assignments on the go\15 - dlsu\csopesy\operating system mp\mpopesy_final\mpopesy_final\x64\debug\vc143.idb
d:\assignments on the go\15 - dlsu\csopesy\operating system mp\mpopesy_final\mpopesy_final\x64\debug\startsystem.obj
d:\assignments on the go\15 - dlsu\csopesy\operating system mp\mpopesy_final\mpopesy_final\x64\debug\mainconsole.obj
d:\assignments on the go\15 - dlsu\csopesy\operating system mp\mpopesy_final\mpopesy_final\x64\debug\main.obj
d:\assignments on the go\15 - dlsu\csopesy\operating system mp\mpopesy_final\mpopesy_final\x64\debug\inputmanager.obj
d:\assignments on the go\15 - dlsu\csopesy\operating system mp\mpopesy_final\mpopesy_final\x64\debug\initialize.obj
d:\assignments on the go\15 - dlsu\csopesy\operating system mp\mpopesy_final\mpopesy_final\x64\debug\consolemanager.obj
d:\assignments on the go\15 - dlsu\csopesy\operating system mp\mpopesy_final\mpopesy_final\x64\debug\commandhandler.obj
d:\assignments on the go\15 - dlsu\csopesy\operating system mp\mpopesy_final\mpopesy_final\x64\debug\bootstrap.obj
d:\assignments on the go\15 - dlsu\csopesy\operating system mp\mpopesy_final\mpopesy_final\x64\debug\aconsole.obj
d:\assignments on the go\15 - dlsu\csopesy\operating system mp\mpopesy_final\mpopesy_final\x64\debug\symboltable.obj
d:\assignments on the go\15 - dlsu\csopesy\operating system mp\mpopesy_final\mpopesy_final\x64\debug\symbol.obj
d:\assignments on the go\15 - dlsu\csopesy\operating system mp\mpopesy_final\x64\debug\mpopesy_final.exe
d:\assignments on the go\15 - dlsu\csopesy\operating system mp\mpopesy_final\x64\debug\mpopesy_final.pdb
d:\assignments on the go\15 - dlsu\csopesy\operating system mp\mpopesy_final\mpopesy_final\x64\debug\mpopesy_final.ilk
d:\assignments on the go\15 - dlsu\csopesy\operating system mp\mpopesy_final\mpopesy_final\x64\debug\commandhandler.obj.enc
d:\assignments on the go\15 - dlsu\csopesy\operating system mp\mpopesy_final\mpopesy_final\x64\debug\mainconsole.obj.enc
d:\assignments on the go\15 - dlsu\csopesy\operating system mp\mpopesy_final\mpopesy_final\x64\debug\mpopesy_final.tlog\cl.command.1.tlog
d:\assignments on the go\15 - dlsu\csopesy\operating system mp\mpopesy_final\mpopesy_final\x64\debug\mpopesy_final.tlog\cl.items.tlog
d:\assignments on the go\15 - dlsu\csopesy\operating system mp\mpopesy_final\mpopesy_final\x64\debug\mpopesy_final.tlog\cl.read.1.tlog
d:\assignments on the go\15 - dlsu\csopesy\operating system mp\mpopesy_final\mpopesy_final\x64\debug\mpopesy_final.tlog\cl.write.1.tlog
d:\assignments on the go\15 - dlsu\csopesy\operating system mp\mpopesy_final\mpopesy_final\x64\debug\mpopesy_final.tlog\link.command.1.tlog
d:\assignments on the go\15 - dlsu\csopesy\operating system mp\mpopesy_final\mpopesy_final\x64\debug\mpopesy_final.tlog\link.read.1.tlog
d:\assignments on the go\15 - dlsu\csopesy\operating system mp\mpopesy_final\mpopesy_final\x64\debug\mpopesy_final.tlog\link.secondary.1.tlog
d:\assignments on the go\15 - dlsu\csopesy\operating system mp\mpopesy_final\mpopesy_final\x64\debug\mpopesy_final.tlog\link.write.1.tlog
